<?xml version="1.0" encoding="UTF-8"?>
<testng-results ignored="0" total="2" passed="2" failed="0" skipped="0">
  <reporter-output>
  </reporter-output>
  <suite started-at="2024-04-05T13:47:24 GMT-07:00" name="suite" finished-at="2024-04-05T13:48:40 GMT-07:00" duration-ms="75651">
    <groups>
    </groups>
    <test started-at="2024-04-05T13:47:24 GMT-07:00" name="test" finished-at="2024-04-05T13:48:40 GMT-07:00" duration-ms="75651">
      <class name="Test.Task">
        <test-method signature="userRegister()[pri:0, instance:Test.Task@f1da57d]" started-at="2024-04-05T13:47:24 GMT-07:00" name="userRegister" finished-at="2024-04-05T13:47:55 GMT-07:00" duration-ms="31060" status="PASS">
          <reporter-output>
          </reporter-output>
        </test-method> <!-- userRegister -->
        <test-method signature="hostCreation()[pri:1, instance:Test.Task@f1da57d]" started-at="2024-04-05T13:47:55 GMT-07:00" name="hostCreation" finished-at="2024-04-05T13:48:40 GMT-07:00" duration-ms="44517" status="PASS">
          <reporter-output>
          </reporter-output>
        </test-method> <!-- hostCreation -->
      </class> <!-- Test.Task -->
    </test> <!-- test -->
  </suite> <!-- suite -->
</testng-results>
